<?xml version="1.0" encoding="UTF-8"?>
<testng-results ignored="0" total="6" passed="6" failed="0" skipped="0">
  <reporter-output>
  </reporter-output>
  <suite started-at="2025-05-01T22:10:55 IST" name="Suite" finished-at="2025-05-01T22:11:34 IST" duration-ms="39404">
    <groups>
    </groups>
    <test started-at="2025-05-01T22:10:55 IST" name="Chrome Test" finished-at="2025-05-01T22:11:10 IST" duration-ms="15237">
      <class name="tests.HomeTest">
        <test-method is-config="true" signature="setup(java.lang.String,java.lang.String)[pri:0, instance:tests.HomeTest@233795b6]" started-at="2025-05-01T22:10:55 IST" name="setup" finished-at="2025-05-01T22:11:04 IST" duration-ms="9173" status="PASS">
          <params>
            <param index="0">
              <value>
                <![CDATA[chrome]]>
              </value>
            </param>
            <param index="1">
              <value>
                <![CDATA[https://www.saucedemo.com/v1/]]>
              </value>
            </param>
          </params>
          <reporter-output>
          </reporter-output>
        </test-method> <!-- setup -->
        <test-method signature="verifyTitle()[pri:1, instance:tests.HomeTest@233795b6]" started-at="2025-05-01T22:11:04 IST" name="verifyTitle" finished-at="2025-05-01T22:11:04 IST" duration-ms="30" status="PASS">
          <reporter-output>
          </reporter-output>
        </test-method> <!-- verifyTitle -->
        <test-method signature="verifyStandardLogin()[pri:2, instance:tests.HomeTest@233795b6]" started-at="2025-05-01T22:11:04 IST" name="verifyStandardLogin" finished-at="2025-05-01T22:11:06 IST" duration-ms="1940" status="PASS">
          <reporter-output>
          </reporter-output>
        </test-method> <!-- verifyStandardLogin -->
        <test-method is-config="true" signature="tearDown()[pri:0, instance:tests.HomeTest@233795b6]" started-at="2025-05-01T22:11:06 IST" name="tearDown" finished-at="2025-05-01T22:11:10 IST" duration-ms="3987" status="PASS">
          <reporter-output>
          </reporter-output>
        </test-method> <!-- tearDown -->
      </class> <!-- tests.HomeTest -->
    </test> <!-- Chrome Test -->
    <test started-at="2025-05-01T22:10:55 IST" name="Edge Test" finished-at="2025-05-01T22:11:27 IST" duration-ms="31623">
      <class name="tests.HomeTest">
        <test-method is-config="true" signature="setup(java.lang.String,java.lang.String)[pri:0, instance:tests.HomeTest@41d477ed]" started-at="2025-05-01T22:10:55 IST" name="setup" finished-at="2025-05-01T22:11:09 IST" duration-ms="13850" status="PASS">
          <params>
            <param index="0">
              <value>
                <![CDATA[edge]]>
              </value>
            </param>
            <param index="1">
              <value>
                <![CDATA[https://www.saucedemo.com/v1/]]>
              </value>
            </param>
          </params>
          <reporter-output>
          </reporter-output>
        </test-method> <!-- setup -->
        <test-method signature="verifyTitle()[pri:1, instance:tests.HomeTest@41d477ed]" started-at="2025-05-01T22:11:09 IST" name="verifyTitle" finished-at="2025-05-01T22:11:09 IST" duration-ms="63" status="PASS">
          <reporter-output>
          </reporter-output>
        </test-method> <!-- verifyTitle -->
        <test-method signature="verifyStandardLogin()[pri:2, instance:tests.HomeTest@41d477ed]" started-at="2025-05-01T22:11:09 IST" name="verifyStandardLogin" finished-at="2025-05-01T22:11:21 IST" duration-ms="12074" status="PASS">
          <reporter-output>
          </reporter-output>
        </test-method> <!-- verifyStandardLogin -->
        <test-method is-config="true" signature="tearDown()[pri:0, instance:tests.HomeTest@41d477ed]" started-at="2025-05-01T22:11:21 IST" name="tearDown" finished-at="2025-05-01T22:11:27 IST" duration-ms="5597" status="PASS">
          <reporter-output>
          </reporter-output>
        </test-method> <!-- tearDown -->
      </class> <!-- tests.HomeTest -->
    </test> <!-- Edge Test -->
    <test started-at="2025-05-01T22:10:55 IST" name="Firefox Test" finished-at="2025-05-01T22:11:34 IST" duration-ms="39404">
      <class name="tests.HomeTest">
        <test-method is-config="true" signature="setup(java.lang.String,java.lang.String)[pri:0, instance:tests.HomeTest@77c2494c]" started-at="2025-05-01T22:10:55 IST" name="setup" finished-at="2025-05-01T22:11:22 IST" duration-ms="26562" status="PASS">
          <params>
            <param index="0">
              <value>
                <![CDATA[firefox]]>
              </value>
            </param>
            <param index="1">
              <value>
                <![CDATA[https://www.saucedemo.com/v1/]]>
              </value>
            </param>
          </params>
          <reporter-output>
          </reporter-output>
        </test-method> <!-- setup -->
        <test-method signature="verifyTitle()[pri:1, instance:tests.HomeTest@77c2494c]" started-at="2025-05-01T22:11:22 IST" name="verifyTitle" finished-at="2025-05-01T22:11:22 IST" duration-ms="56" status="PASS">
          <reporter-output>
          </reporter-output>
        </test-method> <!-- verifyTitle -->
        <test-method signature="verifyStandardLogin()[pri:2, instance:tests.HomeTest@77c2494c]" started-at="2025-05-01T22:11:22 IST" name="verifyStandardLogin" finished-at="2025-05-01T22:11:32 IST" duration-ms="10579" status="PASS">
          <reporter-output>
          </reporter-output>
        </test-method> <!-- verifyStandardLogin -->
        <test-method is-config="true" signature="tearDown()[pri:0, instance:tests.HomeTest@77c2494c]" started-at="2025-05-01T22:11:32 IST" name="tearDown" finished-at="2025-05-01T22:11:34 IST" duration-ms="2156" status="PASS">
          <reporter-output>
          </reporter-output>
        </test-method> <!-- tearDown -->
      </class> <!-- tests.HomeTest -->
    </test> <!-- Firefox Test -->
  </suite> <!-- Suite -->
</testng-results>
