<?xml version="1.0" encoding="UTF-8"?>
<testng-results ignored="0" total="6" passed="6" failed="0" skipped="0">
  <reporter-output>
  </reporter-output>
  <suite started-at="2025-05-02T11:18:25 IST" name="Suite" finished-at="2025-05-02T11:18:37 IST" duration-ms="12009">
    <groups>
    </groups>
    <test started-at="2025-05-02T11:18:25 IST" name="Chrome Test" finished-at="2025-05-02T11:18:32 IST" duration-ms="6888">
      <class name="tests.HomeTest">
        <test-method is-config="true" signature="setup(java.lang.String,java.lang.String)[pri:0, instance:tests.HomeTest@7d8704ef]" started-at="2025-05-02T11:18:25 IST" name="setup" finished-at="2025-05-02T11:18:30 IST" duration-ms="5282" status="PASS">
          <params>
            <param index="0">
              <value>
                <![CDATA[chrome]]>
              </value>
            </param>
            <param index="1">
              <value>
                <![CDATA[https://www.saucedemo.com/v1/]]>
              </value>
            </param>
          </params>
          <reporter-output>
          </reporter-output>
        </test-method> <!-- setup -->
        <test-method signature="verifyTitle()[pri:1, instance:tests.HomeTest@7d8704ef]" started-at="2025-05-02T11:18:30 IST" name="verifyTitle" finished-at="2025-05-02T11:18:30 IST" duration-ms="17" status="PASS">
          <reporter-output>
          </reporter-output>
        </test-method> <!-- verifyTitle -->
        <test-method signature="verifyStandardLogin()[pri:2, instance:tests.HomeTest@7d8704ef]" started-at="2025-05-02T11:18:30 IST" name="verifyStandardLogin" finished-at="2025-05-02T11:18:32 IST" duration-ms="1258" status="PASS">
          <reporter-output>
          </reporter-output>
        </test-method> <!-- verifyStandardLogin -->
        <test-method is-config="true" signature="tearDown()[pri:0, instance:tests.HomeTest@7d8704ef]" started-at="2025-05-02T11:18:32 IST" name="tearDown" finished-at="2025-05-02T11:18:32 IST" duration-ms="275" status="PASS">
          <reporter-output>
          </reporter-output>
        </test-method> <!-- tearDown -->
      </class> <!-- tests.HomeTest -->
    </test> <!-- Chrome Test -->
    <test started-at="2025-05-02T11:18:25 IST" name="Edge Test" finished-at="2025-05-02T11:18:33 IST" duration-ms="8168">
      <class name="tests.HomeTest">
        <test-method is-config="true" signature="setup(java.lang.String,java.lang.String)[pri:0, instance:tests.HomeTest@7eac9008]" started-at="2025-05-02T11:18:25 IST" name="setup" finished-at="2025-05-02T11:18:30 IST" duration-ms="5114" status="PASS">
          <params>
            <param index="0">
              <value>
                <![CDATA[edge]]>
              </value>
            </param>
            <param index="1">
              <value>
                <![CDATA[https://www.saucedemo.com/v1/]]>
              </value>
            </param>
          </params>
          <reporter-output>
          </reporter-output>
        </test-method> <!-- setup -->
        <test-method signature="verifyTitle()[pri:1, instance:tests.HomeTest@7eac9008]" started-at="2025-05-02T11:18:30 IST" name="verifyTitle" finished-at="2025-05-02T11:18:30 IST" duration-ms="54" status="PASS">
          <reporter-output>
          </reporter-output>
        </test-method> <!-- verifyTitle -->
        <test-method signature="verifyStandardLogin()[pri:2, instance:tests.HomeTest@7eac9008]" started-at="2025-05-02T11:18:30 IST" name="verifyStandardLogin" finished-at="2025-05-02T11:18:32 IST" duration-ms="1510" status="PASS">
          <reporter-output>
          </reporter-output>
        </test-method> <!-- verifyStandardLogin -->
        <test-method is-config="true" signature="tearDown()[pri:0, instance:tests.HomeTest@7eac9008]" started-at="2025-05-02T11:18:32 IST" name="tearDown" finished-at="2025-05-02T11:18:33 IST" duration-ms="1352" status="PASS">
          <reporter-output>
          </reporter-output>
        </test-method> <!-- tearDown -->
      </class> <!-- tests.HomeTest -->
    </test> <!-- Edge Test -->
    <test started-at="2025-05-02T11:18:25 IST" name="Firefox Test" finished-at="2025-05-02T11:18:37 IST" duration-ms="12009">
      <class name="tests.HomeTest">
        <test-method is-config="true" signature="setup(java.lang.String,java.lang.String)[pri:0, instance:tests.HomeTest@609cd4d8]" started-at="2025-05-02T11:18:25 IST" name="setup" finished-at="2025-05-02T11:18:34 IST" duration-ms="8821" status="PASS">
          <params>
            <param index="0">
              <value>
                <![CDATA[firefox]]>
              </value>
            </param>
            <param index="1">
              <value>
                <![CDATA[https://www.saucedemo.com/v1/]]>
              </value>
            </param>
          </params>
          <reporter-output>
          </reporter-output>
        </test-method> <!-- setup -->
        <test-method signature="verifyTitle()[pri:1, instance:tests.HomeTest@609cd4d8]" started-at="2025-05-02T11:18:34 IST" name="verifyTitle" finished-at="2025-05-02T11:18:34 IST" duration-ms="12" status="PASS">
          <reporter-output>
          </reporter-output>
        </test-method> <!-- verifyTitle -->
        <test-method signature="verifyStandardLogin()[pri:2, instance:tests.HomeTest@609cd4d8]" started-at="2025-05-02T11:18:34 IST" name="verifyStandardLogin" finished-at="2025-05-02T11:18:35 IST" duration-ms="1618" status="PASS">
          <reporter-output>
          </reporter-output>
        </test-method> <!-- verifyStandardLogin -->
        <test-method is-config="true" signature="tearDown()[pri:0, instance:tests.HomeTest@609cd4d8]" started-at="2025-05-02T11:18:35 IST" name="tearDown" finished-at="2025-05-02T11:18:37 IST" duration-ms="1500" status="PASS">
          <reporter-output>
          </reporter-output>
        </test-method> <!-- tearDown -->
      </class> <!-- tests.HomeTest -->
    </test> <!-- Firefox Test -->
  </suite> <!-- Suite -->
</testng-results>
