<?xml version="1.0" encoding="UTF-8"?>
<!-- Generated by org.testng.reporters.JUnitReportReporter -->
<testsuite hostname="RRT-DellG3-2K24" failures="0" tests="6" name="tests.HomeTest" time="4.469" errors="0" timestamp="2025-05-02T11:18:37 IST" skipped="0">
  <testcase classname="tests.HomeTest" name="verifyTitle" time="0.054"/>
  <testcase classname="tests.HomeTest" name="verifyTitle" time="0.012"/>
  <testcase classname="tests.HomeTest" name="verifyTitle" time="0.017"/>
  <testcase classname="tests.HomeTest" name="verifyStandardLogin" time="1.618"/>
  <testcase classname="tests.HomeTest" name="verifyStandardLogin" time="1.258"/>
  <testcase classname="tests.HomeTest" name="verifyStandardLogin" time="1.510"/>
</testsuite> <!-- tests.HomeTest -->
