<?xml version="1.0" encoding="UTF-8"?>
<!-- Generated by org.testng.reporters.JUnitReportReporter -->
<testsuite hostname="RRT-DellG3-2K24" failures="0" tests="6" name="tests.HomeTest" time="24.742" errors="0" timestamp="2025-05-01T22:11:35 IST" skipped="0">
  <testcase classname="tests.HomeTest" name="verifyTitle" time="0.063"/>
  <testcase classname="tests.HomeTest" name="verifyTitle" time="0.030"/>
  <testcase classname="tests.HomeTest" name="verifyTitle" time="0.056"/>
  <testcase classname="tests.HomeTest" name="verifyStandardLogin" time="1.940"/>
  <testcase classname="tests.HomeTest" name="verifyStandardLogin" time="12.074"/>
  <testcase classname="tests.HomeTest" name="verifyStandardLogin" time="10.579"/>
</testsuite> <!-- tests.HomeTest -->
